{"uuid":"d27cdae3-a272-4143-b9e4-4adb8dc33950","historyId":"494118082d77c4c643f240e8fa1a0250","testCaseId":"3725242913584693c22be5ce3414ada","fullName":"src/test/resources/Featurefiles/CEOname.feature:4","labels":[{"name":"tag","value":"validateCEo"},{"name":"host","value":"CPDK196"},{"name":"thread","value":"15772@CPDK196.main(1)"},{"name":"feature","value":"To verify the CEO"},{"name":"story","value":"validate the CEO"},{"name":"suite","value":"To verify the CEO"},{"name":"testClass","value":"validate the CEO"},{"name":"framework","value":"cucumber4jvm"},{"name":"language","value":"java"},{"name":"gherkin_uri","value":"file:///C:/Users/yuvaraj.murugesan/git/Demopj/CucumberFramework/src/test/resources/Featurefiles/CEOname.feature"},{"name":"package","value":"src.test.resources.Featurefiles.CEOname_feature.To verify the CEO"}],"links":[],"name":"validate the CEO","status":"failed","statusDetails":{"known":false,"muted":false,"flaky":false,"message":"no such element: Unable to locate element: {\"method\":\"xpath\",\"selector\":\"//span[text() = 'Directory1']\"}\n  (Session info: chrome=122.0.6261.129)\nFor documentation on this error, please visit: https://www.selenium.dev/documentation/webdriver/troubleshooting/errors#no-such-element-exception\nBuild info: version: '4.17.0', revision: 'e52b1be057*'\nSystem info: os.name: 'Windows 10', os.arch: 'amd64', os.version: '10.0', java.version: '17.0.6'\nDriver info: org.openqa.selenium.chrome.ChromeDriver\nCommand: [c556581485df7ede1a319bf3131705db, findElement {using=xpath, value=//span[text() = 'Directory1']}]\nCapabilities {acceptInsecureCerts: false, browserName: chrome, browserVersion: 122.0.6261.129, chrome: {chromedriverVersion: 122.0.6261.128 (f18a44fedeb..., userDataDir: C:\\Users\\YUVARA~1.MUR\\AppDa...}, fedcm:accounts: true, goog:chromeOptions: {debuggerAddress: localhost:54064}, networkConnectionEnabled: false, pageLoadStrategy: normal, platformName: windows, proxy: Proxy(), se:cdp: ws://localhost:54064/devtoo..., se:cdpVersion: 122.0.6261.129, setWindowRect: true, strictFileInteractability: false, timeouts: {implicit: 0, pageLoad: 300000, script: 30000}, unhandledPromptBehavior: dismiss and notify, webauthn:extension:credBlob: true, webauthn:extension:largeBlob: true, webauthn:extension:minPinLength: true, webauthn:extension:prf: true, webauthn:virtualAuthenticators: true}\nSession ID: c556581485df7ede1a319bf3131705db","trace":"java.lang.AssertionError: no such element: Unable to locate element: {\"method\":\"xpath\",\"selector\":\"//span[text() = 'Directory1']\"}\n  (Session info: chrome=122.0.6261.129)\nFor documentation on this error, please visit: https://www.selenium.dev/documentation/webdriver/troubleshooting/errors#no-such-element-exception\nBuild info: version: '4.17.0', revision: 'e52b1be057*'\nSystem info: os.name: 'Windows 10', os.arch: 'amd64', os.version: '10.0', java.version: '17.0.6'\nDriver info: org.openqa.selenium.chrome.ChromeDriver\nCommand: [c556581485df7ede1a319bf3131705db, findElement {using=xpath, value=//span[text() = 'Directory1']}]\nCapabilities {acceptInsecureCerts: false, browserName: chrome, browserVersion: 122.0.6261.129, chrome: {chromedriverVersion: 122.0.6261.128 (f18a44fedeb..., userDataDir: C:\\Users\\YUVARA~1.MUR\\AppDa...}, fedcm:accounts: true, goog:chromeOptions: {debuggerAddress: localhost:54064}, networkConnectionEnabled: false, pageLoadStrategy: normal, platformName: windows, proxy: Proxy(), se:cdp: ws://localhost:54064/devtoo..., se:cdpVersion: 122.0.6261.129, setWindowRect: true, strictFileInteractability: false, timeouts: {implicit: 0, pageLoad: 300000, script: 30000}, unhandledPromptBehavior: dismiss and notify, webauthn:extension:credBlob: true, webauthn:extension:largeBlob: true, webauthn:extension:minPinLength: true, webauthn:extension:prf: true, webauthn:virtualAuthenticators: true}\nSession ID: c556581485df7ede1a319bf3131705db\r\n\tat org.junit.Assert.fail(Assert.java:89)\r\n\tat com.stepdefinitions.CEOnamestepdefinitions.the_user_clicks_on_the_directory_sub_menu(CEOnamestepdefinitions.java:50)\r\n\tat ✽.the user clicks on the directory sub menu(file:///C:/Users/yuvaraj.murugesan/git/Demopj/CucumberFramework/src/test/resources/Featurefiles/CEOname.feature:7)\r\n"},"stage":"finished","steps":[{"name":"Given the user successfully logged in to the application","status":"passed","statusDetails":{"known":false,"muted":false,"flaky":false},"stage":"finished","steps":[],"attachments":[],"parameters":[],"start":1711014481337,"stop":1711014481426},{"name":"com.stepdefinitions.Common_Step_definition.attachScreenshot(io.cucumber.java.Scenario)","status":"passed","statusDetails":{"known":false,"muted":false,"flaky":false},"stage":"finished","steps":[],"attachments":[],"parameters":[],"start":1711014481469,"stop":1711014481474},{"name":"When the user clicks on the directory sub menu","status":"failed","statusDetails":{"known":false,"muted":false,"flaky":false,"message":"no such element: Unable to locate element: {\"method\":\"xpath\",\"selector\":\"//span[text() = 'Directory1']\"}\n  (Session info: chrome=122.0.6261.129)\nFor documentation on this error, please visit: https://www.selenium.dev/documentation/webdriver/troubleshooting/errors#no-such-element-exception\nBuild info: version: '4.17.0', revision: 'e52b1be057*'\nSystem info: os.name: 'Windows 10', os.arch: 'amd64', os.version: '10.0', java.version: '17.0.6'\nDriver info: org.openqa.selenium.chrome.ChromeDriver\nCommand: [c556581485df7ede1a319bf3131705db, findElement {using=xpath, value=//span[text() = 'Directory1']}]\nCapabilities {acceptInsecureCerts: false, browserName: chrome, browserVersion: 122.0.6261.129, chrome: {chromedriverVersion: 122.0.6261.128 (f18a44fedeb..., userDataDir: C:\\Users\\YUVARA~1.MUR\\AppDa...}, fedcm:accounts: true, goog:chromeOptions: {debuggerAddress: localhost:54064}, networkConnectionEnabled: false, pageLoadStrategy: normal, platformName: windows, proxy: Proxy(), se:cdp: ws://localhost:54064/devtoo..., se:cdpVersion: 122.0.6261.129, setWindowRect: true, strictFileInteractability: false, timeouts: {implicit: 0, pageLoad: 300000, script: 30000}, unhandledPromptBehavior: dismiss and notify, webauthn:extension:credBlob: true, webauthn:extension:largeBlob: true, webauthn:extension:minPinLength: true, webauthn:extension:prf: true, webauthn:virtualAuthenticators: true}\nSession ID: c556581485df7ede1a319bf3131705db","trace":"java.lang.AssertionError: no such element: Unable to locate element: {\"method\":\"xpath\",\"selector\":\"//span[text() = 'Directory1']\"}\n  (Session info: chrome=122.0.6261.129)\nFor documentation on this error, please visit: https://www.selenium.dev/documentation/webdriver/troubleshooting/errors#no-such-element-exception\nBuild info: version: '4.17.0', revision: 'e52b1be057*'\nSystem info: os.name: 'Windows 10', os.arch: 'amd64', os.version: '10.0', java.version: '17.0.6'\nDriver info: org.openqa.selenium.chrome.ChromeDriver\nCommand: [c556581485df7ede1a319bf3131705db, findElement {using=xpath, value=//span[text() = 'Directory1']}]\nCapabilities {acceptInsecureCerts: false, browserName: chrome, browserVersion: 122.0.6261.129, chrome: {chromedriverVersion: 122.0.6261.128 (f18a44fedeb..., userDataDir: C:\\Users\\YUVARA~1.MUR\\AppDa...}, fedcm:accounts: true, goog:chromeOptions: {debuggerAddress: localhost:54064}, networkConnectionEnabled: false, pageLoadStrategy: normal, platformName: windows, proxy: Proxy(), se:cdp: ws://localhost:54064/devtoo..., se:cdpVersion: 122.0.6261.129, setWindowRect: true, strictFileInteractability: false, timeouts: {implicit: 0, pageLoad: 300000, script: 30000}, unhandledPromptBehavior: dismiss and notify, webauthn:extension:credBlob: true, webauthn:extension:largeBlob: true, webauthn:extension:minPinLength: true, webauthn:extension:prf: true, webauthn:virtualAuthenticators: true}\nSession ID: c556581485df7ede1a319bf3131705db\r\n\tat org.junit.Assert.fail(Assert.java:89)\r\n\tat com.stepdefinitions.CEOnamestepdefinitions.the_user_clicks_on_the_directory_sub_menu(CEOnamestepdefinitions.java:50)\r\n\tat ✽.the user clicks on the directory sub menu(file:///C:/Users/yuvaraj.murugesan/git/Demopj/CucumberFramework/src/test/resources/Featurefiles/CEOname.feature:7)\r\n"},"stage":"finished","steps":[],"attachments":[],"parameters":[],"start":1711014481474,"stop":1711014485549},{"name":"com.stepdefinitions.Common_Step_definition.attachScreenshot(io.cucumber.java.Scenario)","status":"passed","statusDetails":{"known":false,"muted":false,"flaky":false},"stage":"finished","steps":[],"attachments":[{"name":"errorscreen","source":"8f48ec3b-1da1-4f24-a2cd-e04a420d141a-attachment","type":"image/png"}],"parameters":[],"start":1711014485716,"stop":1711014487448},{"name":"And the user select the job title as \"Chief Executive Officer\" using \"text\"","status":"skipped","statusDetails":{"known":false,"muted":false,"flaky":false},"stage":"finished","steps":[],"attachments":[],"parameters":[],"start":1711014487448,"stop":1711014487452},{"name":"com.stepdefinitions.Common_Step_definition.attachScreenshot(io.cucumber.java.Scenario)","status":"skipped","statusDetails":{"known":false,"muted":false,"flaky":false},"stage":"finished","steps":[],"attachments":[],"parameters":[],"start":1711014487453,"stop":1711014487454},{"name":"And the user clicks on the search button.","status":"skipped","statusDetails":{"known":false,"muted":false,"flaky":false},"stage":"finished","steps":[],"attachments":[],"parameters":[],"start":1711014487455,"stop":1711014487455},{"name":"com.stepdefinitions.Common_Step_definition.attachScreenshot(io.cucumber.java.Scenario)","status":"skipped","statusDetails":{"known":false,"muted":false,"flaky":false},"stage":"finished","steps":[],"attachments":[],"parameters":[],"start":1711014487456,"stop":1711014487456},{"name":"Then the user can view the record found","status":"skipped","statusDetails":{"known":false,"muted":false,"flaky":false},"stage":"finished","steps":[],"attachments":[],"parameters":[],"start":1711014487457,"stop":1711014487457},{"name":"com.stepdefinitions.Common_Step_definition.attachScreenshot(io.cucumber.java.Scenario)","status":"skipped","statusDetails":{"known":false,"muted":false,"flaky":false},"stage":"finished","steps":[],"attachments":[],"parameters":[],"start":1711014487457,"stop":1711014487458}],"attachments":[],"parameters":[],"start":1711014443848,"stop":1711014488649}