{"uuid":"e11c5fd1-8e53-443c-9eda-35a002e562c5","historyId":"494118082d77c4c643f240e8fa1a0250","testCaseId":"3725242913584693c22be5ce3414ada","fullName":"src/test/resources/Featurefiles/CEOname.feature:4","labels":[{"name":"tag","value":"validateCEo"},{"name":"host","value":"CPDK196"},{"name":"thread","value":"7788@CPDK196.main(1)"},{"name":"feature","value":"To verify the CEO"},{"name":"story","value":"validate the CEO"},{"name":"suite","value":"To verify the CEO"},{"name":"testClass","value":"validate the CEO"},{"name":"framework","value":"cucumber4jvm"},{"name":"language","value":"java"},{"name":"gherkin_uri","value":"file:///C:/Users/yuvaraj.murugesan/git/Demopj/CucumberFramework/src/test/resources/Featurefiles/CEOname.feature"},{"name":"package","value":"src.test.resources.Featurefiles.CEOname_feature.To verify the CEO"}],"links":[],"name":"validate the CEO","status":"failed","statusDetails":{"known":false,"muted":false,"flaky":false,"message":"no such element: Unable to locate element: {\"method\":\"xpath\",\"selector\":\"//span[text() = 'Directory1']\"}\n  (Session info: chrome=122.0.6261.129)\nFor documentation on this error, please visit: https://www.selenium.dev/documentation/webdriver/troubleshooting/errors#no-such-element-exception\nBuild info: version: '4.17.0', revision: 'e52b1be057*'\nSystem info: os.name: 'Windows 10', os.arch: 'amd64', os.version: '10.0', java.version: '17.0.6'\nDriver info: org.openqa.selenium.chrome.ChromeDriver\nCommand: [c19f9a83fd626e9ed6dc29ad3798088a, findElement {value=//span[text() = 'Directory1'], using=xpath}]\nCapabilities {acceptInsecureCerts: false, browserName: chrome, browserVersion: 122.0.6261.129, chrome: {chromedriverVersion: 122.0.6261.128 (f18a44fedeb..., userDataDir: C:\\Users\\YUVARA~1.MUR\\AppDa...}, fedcm:accounts: true, goog:chromeOptions: {debuggerAddress: localhost:54907}, networkConnectionEnabled: false, pageLoadStrategy: normal, platformName: windows, proxy: Proxy(), se:cdp: ws://localhost:54907/devtoo..., se:cdpVersion: 122.0.6261.129, setWindowRect: true, strictFileInteractability: false, timeouts: {implicit: 0, pageLoad: 300000, script: 30000}, unhandledPromptBehavior: dismiss and notify, webauthn:extension:credBlob: true, webauthn:extension:largeBlob: true, webauthn:extension:minPinLength: true, webauthn:extension:prf: true, webauthn:virtualAuthenticators: true}\nSession ID: c19f9a83fd626e9ed6dc29ad3798088a","trace":"java.lang.AssertionError: no such element: Unable to locate element: {\"method\":\"xpath\",\"selector\":\"//span[text() = 'Directory1']\"}\n  (Session info: chrome=122.0.6261.129)\nFor documentation on this error, please visit: https://www.selenium.dev/documentation/webdriver/troubleshooting/errors#no-such-element-exception\nBuild info: version: '4.17.0', revision: 'e52b1be057*'\nSystem info: os.name: 'Windows 10', os.arch: 'amd64', os.version: '10.0', java.version: '17.0.6'\nDriver info: org.openqa.selenium.chrome.ChromeDriver\nCommand: [c19f9a83fd626e9ed6dc29ad3798088a, findElement {value=//span[text() = 'Directory1'], using=xpath}]\nCapabilities {acceptInsecureCerts: false, browserName: chrome, browserVersion: 122.0.6261.129, chrome: {chromedriverVersion: 122.0.6261.128 (f18a44fedeb..., userDataDir: C:\\Users\\YUVARA~1.MUR\\AppDa...}, fedcm:accounts: true, goog:chromeOptions: {debuggerAddress: localhost:54907}, networkConnectionEnabled: false, pageLoadStrategy: normal, platformName: windows, proxy: Proxy(), se:cdp: ws://localhost:54907/devtoo..., se:cdpVersion: 122.0.6261.129, setWindowRect: true, strictFileInteractability: false, timeouts: {implicit: 0, pageLoad: 300000, script: 30000}, unhandledPromptBehavior: dismiss and notify, webauthn:extension:credBlob: true, webauthn:extension:largeBlob: true, webauthn:extension:minPinLength: true, webauthn:extension:prf: true, webauthn:virtualAuthenticators: true}\nSession ID: c19f9a83fd626e9ed6dc29ad3798088a\r\n\tat org.junit.Assert.fail(Assert.java:89)\r\n\tat com.stepdefinitions.CEOnamestepdefinitions.the_user_clicks_on_the_directory_sub_menu(CEOnamestepdefinitions.java:50)\r\n\tat ✽.the user clicks on the directory sub menu(file:///C:/Users/yuvaraj.murugesan/git/Demopj/CucumberFramework/src/test/resources/Featurefiles/CEOname.feature:7)\r\n"},"stage":"finished","steps":[{"name":"Given the user successfully logged in to the application","status":"passed","statusDetails":{"known":false,"muted":false,"flaky":false},"stage":"finished","steps":[],"attachments":[],"parameters":[],"start":1711015030924,"stop":1711015030942},{"name":"com.stepdefinitions.Common_Step_definition.attachScreenshot(io.cucumber.java.Scenario)","status":"passed","statusDetails":{"known":false,"muted":false,"flaky":false},"stage":"finished","steps":[],"attachments":[],"parameters":[],"start":1711015030945,"stop":1711015030947},{"name":"When the user clicks on the directory sub menu","status":"failed","statusDetails":{"known":false,"muted":false,"flaky":false,"message":"no such element: Unable to locate element: {\"method\":\"xpath\",\"selector\":\"//span[text() = 'Directory1']\"}\n  (Session info: chrome=122.0.6261.129)\nFor documentation on this error, please visit: https://www.selenium.dev/documentation/webdriver/troubleshooting/errors#no-such-element-exception\nBuild info: version: '4.17.0', revision: 'e52b1be057*'\nSystem info: os.name: 'Windows 10', os.arch: 'amd64', os.version: '10.0', java.version: '17.0.6'\nDriver info: org.openqa.selenium.chrome.ChromeDriver\nCommand: [c19f9a83fd626e9ed6dc29ad3798088a, findElement {value=//span[text() = 'Directory1'], using=xpath}]\nCapabilities {acceptInsecureCerts: false, browserName: chrome, browserVersion: 122.0.6261.129, chrome: {chromedriverVersion: 122.0.6261.128 (f18a44fedeb..., userDataDir: C:\\Users\\YUVARA~1.MUR\\AppDa...}, fedcm:accounts: true, goog:chromeOptions: {debuggerAddress: localhost:54907}, networkConnectionEnabled: false, pageLoadStrategy: normal, platformName: windows, proxy: Proxy(), se:cdp: ws://localhost:54907/devtoo..., se:cdpVersion: 122.0.6261.129, setWindowRect: true, strictFileInteractability: false, timeouts: {implicit: 0, pageLoad: 300000, script: 30000}, unhandledPromptBehavior: dismiss and notify, webauthn:extension:credBlob: true, webauthn:extension:largeBlob: true, webauthn:extension:minPinLength: true, webauthn:extension:prf: true, webauthn:virtualAuthenticators: true}\nSession ID: c19f9a83fd626e9ed6dc29ad3798088a","trace":"java.lang.AssertionError: no such element: Unable to locate element: {\"method\":\"xpath\",\"selector\":\"//span[text() = 'Directory1']\"}\n  (Session info: chrome=122.0.6261.129)\nFor documentation on this error, please visit: https://www.selenium.dev/documentation/webdriver/troubleshooting/errors#no-such-element-exception\nBuild info: version: '4.17.0', revision: 'e52b1be057*'\nSystem info: os.name: 'Windows 10', os.arch: 'amd64', os.version: '10.0', java.version: '17.0.6'\nDriver info: org.openqa.selenium.chrome.ChromeDriver\nCommand: [c19f9a83fd626e9ed6dc29ad3798088a, findElement {value=//span[text() = 'Directory1'], using=xpath}]\nCapabilities {acceptInsecureCerts: false, browserName: chrome, browserVersion: 122.0.6261.129, chrome: {chromedriverVersion: 122.0.6261.128 (f18a44fedeb..., userDataDir: C:\\Users\\YUVARA~1.MUR\\AppDa...}, fedcm:accounts: true, goog:chromeOptions: {debuggerAddress: localhost:54907}, networkConnectionEnabled: false, pageLoadStrategy: normal, platformName: windows, proxy: Proxy(), se:cdp: ws://localhost:54907/devtoo..., se:cdpVersion: 122.0.6261.129, setWindowRect: true, strictFileInteractability: false, timeouts: {implicit: 0, pageLoad: 300000, script: 30000}, unhandledPromptBehavior: dismiss and notify, webauthn:extension:credBlob: true, webauthn:extension:largeBlob: true, webauthn:extension:minPinLength: true, webauthn:extension:prf: true, webauthn:virtualAuthenticators: true}\nSession ID: c19f9a83fd626e9ed6dc29ad3798088a\r\n\tat org.junit.Assert.fail(Assert.java:89)\r\n\tat com.stepdefinitions.CEOnamestepdefinitions.the_user_clicks_on_the_directory_sub_menu(CEOnamestepdefinitions.java:50)\r\n\tat ✽.the user clicks on the directory sub menu(file:///C:/Users/yuvaraj.murugesan/git/Demopj/CucumberFramework/src/test/resources/Featurefiles/CEOname.feature:7)\r\n"},"stage":"finished","steps":[],"attachments":[],"parameters":[],"start":1711015030950,"stop":1711015034066},{"name":"com.stepdefinitions.Common_Step_definition.attachScreenshot(io.cucumber.java.Scenario)","status":"passed","statusDetails":{"known":false,"muted":false,"flaky":false},"stage":"finished","steps":[],"attachments":[{"name":"errorscreen","source":"b696d841-1a92-4bb0-9abd-89b580c040f6-attachment","type":"image/png"}],"parameters":[],"start":1711015034070,"stop":1711015034528},{"name":"And the user select the job title as \"Chief Executive Officer\" using \"text\"","status":"skipped","statusDetails":{"known":false,"muted":false,"flaky":false},"stage":"finished","steps":[],"attachments":[],"parameters":[],"start":1711015034529,"stop":1711015034531},{"name":"com.stepdefinitions.Common_Step_definition.attachScreenshot(io.cucumber.java.Scenario)","status":"skipped","statusDetails":{"known":false,"muted":false,"flaky":false},"stage":"finished","steps":[],"attachments":[],"parameters":[],"start":1711015034532,"stop":1711015034532},{"name":"And the user clicks on the search button.","status":"skipped","statusDetails":{"known":false,"muted":false,"flaky":false},"stage":"finished","steps":[],"attachments":[],"parameters":[],"start":1711015034533,"stop":1711015034535},{"name":"com.stepdefinitions.Common_Step_definition.attachScreenshot(io.cucumber.java.Scenario)","status":"skipped","statusDetails":{"known":false,"muted":false,"flaky":false},"stage":"finished","steps":[],"attachments":[],"parameters":[],"start":1711015034540,"stop":1711015034541},{"name":"Then the user can view the record found","status":"skipped","statusDetails":{"known":false,"muted":false,"flaky":false},"stage":"finished","steps":[],"attachments":[],"parameters":[],"start":1711015034541,"stop":1711015034542},{"name":"com.stepdefinitions.Common_Step_definition.attachScreenshot(io.cucumber.java.Scenario)","status":"skipped","statusDetails":{"known":false,"muted":false,"flaky":false},"stage":"finished","steps":[],"attachments":[],"parameters":[],"start":1711015034542,"stop":1711015034543}],"attachments":[],"parameters":[],"start":1711015006366,"stop":1711015034600}