<?xml version="1.0" encoding="UTF-8"?>
<!-- Generated by org.testng.reporters.JUnitXMLReporter -->
<testsuite ignored="0" hostname="CPDK196" failures="2" tests="14" name="testR" time="0.241" errors="0" timestamp="2024-02-22T13:02:42 IST">
  <testcase classname="Logintc.TestC" name="t1" time="0.029">
    <skipped/>
  </testcase> <!-- t1 -->
  <testcase classname="Logintc.TestC" name="t1" time="0.003">
    <skipped/>
  </testcase> <!-- t1 -->
  <testcase classname="Logintc.TestC" name="t1" time="0.003">
    <skipped/>
  </testcase> <!-- t1 -->
  <testcase classname="Logintc.TestC" name="t1" time="0.003">
    <skipped/>
  </testcase> <!-- t1 -->
  <testcase classname="Logintc.TestC" name="t1" time="0.005">
    <skipped/>
  </testcase> <!-- t1 -->
  <testcase classname="Logintc.TestC" name="t1" time="0.005">
    <skipped/>
  </testcase> <!-- t1 -->
  <testcase classname="Logintc.TestC" name="t1" time="0.004">
    <failure type="java.lang.AssertionError" message="expected [true] but found [false]">
      <![CDATA[java.lang.AssertionError: expected [true] but found [false]
at Logintc.TestC.t1(TestC.java:9)
at java.base/java.util.ArrayList.forEach(ArrayList.java:1511)
... Removed 34 stack frames]]>
    </failure>
  </testcase> <!-- t1 -->
  <testcase classname="Logintc.TestC" name="t2" time="0.008">
    <skipped/>
  </testcase> <!-- t2 -->
  <testcase classname="Logintc.TestC" name="t2" time="0.003">
    <skipped/>
  </testcase> <!-- t2 -->
  <testcase classname="Logintc.TestC" name="t2" time="0.002">
    <skipped/>
  </testcase> <!-- t2 -->
  <testcase classname="Logintc.TestC" name="t2" time="0.003">
    <skipped/>
  </testcase> <!-- t2 -->
  <testcase classname="Logintc.TestC" name="t2" time="0.002">
    <skipped/>
  </testcase> <!-- t2 -->
  <testcase classname="Logintc.TestC" name="t2" time="0.004">
    <skipped/>
  </testcase> <!-- t2 -->
  <testcase classname="Logintc.TestC" name="t2" time="0.003">
    <failure type="java.lang.AssertionError" message="expected [true] but found [false]">
      <![CDATA[java.lang.AssertionError: expected [true] but found [false]
at Logintc.TestC.t2(TestC.java:13)
at java.base/java.util.ArrayList.forEach(ArrayList.java:1511)
... Removed 34 stack frames]]>
    </failure>
  </testcase> <!-- t2 -->
</testsuite> <!-- testR -->
