<?xml version="1.0" encoding="UTF-8"?>
<testsuite name="Cucumber" time="28.995" tests="1" skipped="0" failures="1" errors="0">
<testcase classname="To verify the CEO" name="validate the CEO" time="28.463">
<failure type="java.lang.AssertionError" message="no such element: Unable to locate element: {&quot;method&quot;:&quot;xpath&quot;,&quot;selector&quot;:&quot;//span[text() = 'Directory1']&quot;}
  (Session info: chrome=122.0.6261.129)
For documentation on this error, please visit: https://www.selenium.dev/documentation/webdriver/troubleshooting/errors#no-such-element-exception
Build info: version: '4.17.0', revision: 'e52b1be057*'
System info: os.name: 'Windows 10', os.arch: 'amd64', os.version: '10.0', java.version: '17.0.6'
Driver info: org.openqa.selenium.chrome.ChromeDriver
Command: [c19f9a83fd626e9ed6dc29ad3798088a, findElement {value=//span[text() = 'Directory1'], using=xpath}]
Capabilities {acceptInsecureCerts: false, browserName: chrome, browserVersion: 122.0.6261.129, chrome: {chromedriverVersion: 122.0.6261.128 (f18a44fedeb..., userDataDir: C:\Users\YUVARA~1.MUR\AppDa...}, fedcm:accounts: true, goog:chromeOptions: {debuggerAddress: localhost:54907}, networkConnectionEnabled: false, pageLoadStrategy: normal, platformName: windows, proxy: Proxy(), se:cdp: ws://localhost:54907/devtoo..., se:cdpVersion: 122.0.6261.129, setWindowRect: true, strictFileInteractability: false, timeouts: {implicit: 0, pageLoad: 300000, script: 30000}, unhandledPromptBehavior: dismiss and notify, webauthn:extension:credBlob: true, webauthn:extension:largeBlob: true, webauthn:extension:minPinLength: true, webauthn:extension:prf: true, webauthn:virtualAuthenticators: true}
Session ID: c19f9a83fd626e9ed6dc29ad3798088a">
<![CDATA[java.lang.AssertionError: no such element: Unable to locate element: {"method":"xpath","selector":"//span[text() = 'Directory1']"}
  (Session info: chrome=122.0.6261.129)
For documentation on this error, please visit: https://www.selenium.dev/documentation/webdriver/troubleshooting/errors#no-such-element-exception
Build info: version: '4.17.0', revision: 'e52b1be057*'
System info: os.name: 'Windows 10', os.arch: 'amd64', os.version: '10.0', java.version: '17.0.6'
Driver info: org.openqa.selenium.chrome.ChromeDriver
Command: [c19f9a83fd626e9ed6dc29ad3798088a, findElement {value=//span[text() = 'Directory1'], using=xpath}]
Capabilities {acceptInsecureCerts: false, browserName: chrome, browserVersion: 122.0.6261.129, chrome: {chromedriverVersion: 122.0.6261.128 (f18a44fedeb..., userDataDir: C:\Users\YUVARA~1.MUR\AppDa...}, fedcm:accounts: true, goog:chromeOptions: {debuggerAddress: localhost:54907}, networkConnectionEnabled: false, pageLoadStrategy: normal, platformName: windows, proxy: Proxy(), se:cdp: ws://localhost:54907/devtoo..., se:cdpVersion: 122.0.6261.129, setWindowRect: true, strictFileInteractability: false, timeouts: {implicit: 0, pageLoad: 300000, script: 30000}, unhandledPromptBehavior: dismiss and notify, webauthn:extension:credBlob: true, webauthn:extension:largeBlob: true, webauthn:extension:minPinLength: true, webauthn:extension:prf: true, webauthn:virtualAuthenticators: true}
Session ID: c19f9a83fd626e9ed6dc29ad3798088a
	at org.junit.Assert.fail(Assert.java:89)
	at com.stepdefinitions.CEOnamestepdefinitions.the_user_clicks_on_the_directory_sub_menu(CEOnamestepdefinitions.java:50)
	at âœ½.the user clicks on the directory sub menu(file:///C:/Users/yuvaraj.murugesan/git/Demopj/CucumberFramework/src/test/resources/Featurefiles/CEOname.feature:7)
]]>
</failure>
<system-out><![CDATA[
Given the user successfully logged in to the application....................passed
When the user clicks on the directory sub menu..............................failed
And the user select the job title as "Chief Executive Officer" using "text".skipped
And the user clicks on the search button....................................skipped
Then the user can view the record found.....................................skipped
]]></system-out>
</testcase>
</testsuite>
